<?xml version="1.0" encoding="UTF-8"?>
<!-- Generated by org.testng.reporters.JUnitReportReporter -->
<testsuite hostname="DESKTOP-R5NT7CG" failures="0" tests="4" name="com.qa.tests.demoTest" time="0.014" errors="0" timestamp="2022-07-08T16:15:39 IST" skipped="0">
  <testcase classname="com.qa.tests.demoTest" name="mul" time="0.001"/>
  <system-out/>
  <testcase classname="com.qa.tests.demoTest" name="sum" time="0.000"/>
  <system-out/>
  <testcase classname="com.qa.tests.demoTest" name="div" time="0.012"/>
  <system-out/>
  <testcase classname="com.qa.tests.demoTest" name="sub" time="0.001"/>
  <system-out/>
</testsuite> <!-- com.qa.tests.demoTest -->
