<?xml version="1.0" encoding="UTF-8"?>
<!-- Generated by org.testng.reporters.JUnitReportReporter -->
<testsuite hostname="DESKTOP-R5NT7CG" failures="0" tests="4" name="parallelPckg.parallelTest" time="0.064" errors="0" timestamp="2022-07-12T17:51:57 IST" skipped="0">
  <testcase classname="parallelPckg.parallelTest" name="Test2" time="0.020"/>
  <system-out/>
  <testcase classname="parallelPckg.parallelTest" name="Test1" time="0.020"/>
  <system-out/>
  <testcase classname="parallelPckg.parallelTest" name="Test4" time="0.004"/>
  <system-out/>
  <testcase classname="parallelPckg.parallelTest" name="Test3" time="0.020"/>
  <system-out/>
</testsuite> <!-- parallelPckg.parallelTest -->
