<?xml version="1.0" encoding="UTF-8"?>
<!-- Generated by org.testng.reporters.JUnitReportReporter -->
<testsuite hostname="DESKTOP-R5NT7CG" failures="0" tests="1" name="com.qa.tests.demoTest" time="13.427" errors="0" timestamp="2022-07-12T14:08:12 IST" skipped="0">
  <testcase classname="com.qa.tests.demoTest" name="LaunchApp" time="13.427"/>
  <system-out/>
</testsuite> <!-- com.qa.tests.demoTest -->
