<?xml version="1.0" encoding="UTF-8"?>
<!-- Generated by org.testng.reporters.JUnitReportReporter -->
<testsuite hostname="DESKTOP-R5NT7CG" failures="0" tests="2" name="demoPckg.dataProvider" time="0.015" errors="0" timestamp="2022-07-13T12:49:07 IST" skipped="0">
  <testcase classname="demoPckg.dataProvider" name="testDataprovider" time="0.011"/>
  <system-out/>
  <testcase classname="demoPckg.dataProvider" name="testDataprovider" time="0.004"/>
  <system-out/>
</testsuite> <!-- demoPckg.dataProvider -->
